<?xml version="1.0" encoding="UTF-8"?>
<!-- Generated by org.testng.reporters.JUnitXMLReporter -->
<testsuite ignored="0" hostname="DESKTOP-8Q0CRCJ" failures="0" tests="5" name="Default test" time="56.994" errors="0" timestamp="2020-12-19T21:54:12 IST">
  <testcase classname="cleartrip.Assignment11.cleartrip" name="initializeBrowser" time="9.995"/>
  <testcase classname="cleartrip.Assignment11.cleartrip" name="searchFlight" time="16.351"/>
  <testcase classname="cleartrip.Assignment11.cleartrip" name="bookFlight" time="9.981"/>
  <testcase classname="cleartrip.Assignment11.cleartrip" name="contactDetail" time="16.079"/>
  <testcase classname="cleartrip.Assignment11.cleartrip" name="travellerDetail" time="4.321"/>
</testsuite> <!-- Default test -->
