<?xml version="1.0" encoding="UTF-8"?>
<testng-results ignored="0" total="5" passed="5" failed="0" skipped="0">
  <reporter-output>
  </reporter-output>
  <suite started-at="2020-12-19T21:53:15 IST" name="Default suite" finished-at="2020-12-19T21:54:12 IST" duration-ms="56994">
    <groups>
    </groups>
    <test started-at="2020-12-19T21:53:15 IST" name="Default test" finished-at="2020-12-19T21:54:12 IST" duration-ms="56994">
      <class name="cleartrip.Assignment11.cleartrip">
        <test-method is-config="true" signature="extentrepo()[pri:0, instance:cleartrip.Assignment11.cleartrip@63021689]" started-at="2020-12-19T21:53:15 IST" name="extentrepo" finished-at="2020-12-19T21:53:16 IST" duration-ms="198" status="PASS">
          <reporter-output>
          </reporter-output>
        </test-method> <!-- extentrepo -->
        <test-method signature="initializeBrowser()[pri:1, instance:cleartrip.Assignment11.cleartrip@63021689]" started-at="2020-12-19T21:53:16 IST" name="initializeBrowser" finished-at="2020-12-19T21:53:26 IST" duration-ms="9995" status="PASS">
          <reporter-output>
          </reporter-output>
        </test-method> <!-- initializeBrowser -->
        <test-method signature="searchFlight()[pri:2, instance:cleartrip.Assignment11.cleartrip@63021689]" started-at="2020-12-19T21:53:26 IST" name="searchFlight" finished-at="2020-12-19T21:53:42 IST" duration-ms="16351" status="PASS">
          <reporter-output>
          </reporter-output>
        </test-method> <!-- searchFlight -->
        <test-method signature="bookFlight()[pri:3, instance:cleartrip.Assignment11.cleartrip@63021689]" started-at="2020-12-19T21:53:42 IST" name="bookFlight" finished-at="2020-12-19T21:53:52 IST" duration-ms="9981" status="PASS">
          <reporter-output>
          </reporter-output>
        </test-method> <!-- bookFlight -->
        <test-method signature="contactDetail()[pri:4, instance:cleartrip.Assignment11.cleartrip@63021689]" started-at="2020-12-19T21:53:52 IST" name="contactDetail" finished-at="2020-12-19T21:54:08 IST" duration-ms="16079" status="PASS">
          <reporter-output>
          </reporter-output>
        </test-method> <!-- contactDetail -->
        <test-method signature="travellerDetail()[pri:5, instance:cleartrip.Assignment11.cleartrip@63021689]" started-at="2020-12-19T21:54:08 IST" name="travellerDetail" finished-at="2020-12-19T21:54:12 IST" duration-ms="4321" status="PASS">
          <reporter-output>
          </reporter-output>
        </test-method> <!-- travellerDetail -->
      </class> <!-- cleartrip.Assignment11.cleartrip -->
    </test> <!-- Default test -->
  </suite> <!-- Default suite -->
</testng-results>
